<?xml version="1.0" encoding="UTF-8"?>
<!-- Generated by org.testng.reporters.JUnitXMLReporter -->
<testsuite ignored="0" hostname="SFSI-ASHISH-MacAir.local" failures="0" tests="14" name="Default test" time="1.05" errors="0" timestamp="2020-01-27T21:09:44 IST">
  <testcase classname="intellimars.IntelliMARSiPhone" name="@BeforeTest setUp" time="0.785">
    <failure type="org.openqa.selenium.WebDriverException" message="Connection refused
Build info: version: &amp;apos;3.141.59&amp;apos;, revision: &amp;apos;e82be7d358&amp;apos;, time: &amp;apos;2018-11-14T08:17:03&amp;apos;
System info: host: &amp;apos;SFSI-ASHISH-MacAir.local&amp;apos;, ip: &amp;apos;2409:4070:18f:af5c:b528:7845:872e:9749%en0&amp;apos;, os.name: &amp;apos;Mac OS X&amp;apos;, os.arch: &amp;apos;x86_64&amp;apos;, os.version: &amp;apos;10.15.2&amp;apos;, java.version: &amp;apos;13.0.1&amp;apos;
Driver info: driver.version: IOSDriver">
      <![CDATA[org.openqa.selenium.WebDriverException: Connection refused
Build info: version: '3.141.59', revision: 'e82be7d358', time: '2018-11-14T08:17:03'
System info: host: 'SFSI-ASHISH-MacAir.local', ip: '2409:4070:18f:af5c:b528:7845:872e:9749%en0', os.name: 'Mac OS X', os.arch: 'x86_64', os.version: '10.15.2', java.version: '13.0.1'
Driver info: driver.version: IOSDriver
at io.appium.java_client.remote.AppiumCommandExecutor.lambda$5(AppiumCommandExecutor.java:251)
at java.base/java.util.Optional.orElseGet(Optional.java:362)
at io.appium.java_client.remote.AppiumCommandExecutor.execute(AppiumCommandExecutor.java:250)
at org.openqa.selenium.remote.RemoteWebDriver.execute(RemoteWebDriver.java:552)
at io.appium.java_client.DefaultGenericMobileDriver.execute(DefaultGenericMobileDriver.java:41)
at io.appium.java_client.AppiumDriver.execute(AppiumDriver.java:1)
at io.appium.java_client.ios.IOSDriver.execute(IOSDriver.java:1)
at org.openqa.selenium.remote.RemoteWebDriver.startSession(RemoteWebDriver.java:213)
at io.appium.java_client.AppiumDriver.startSession(AppiumDriver.java:336)
at org.openqa.selenium.remote.RemoteWebDriver.<init>(RemoteWebDriver.java:131)
at io.appium.java_client.DefaultGenericMobileDriver.<init>(DefaultGenericMobileDriver.java:37)
at io.appium.java_client.AppiumDriver.<init>(AppiumDriver.java:88)
at io.appium.java_client.AppiumDriver.<init>(AppiumDriver.java:98)
at io.appium.java_client.ios.IOSDriver.<init>(IOSDriver.java:90)
at intellimars.IntelliMARSiPhone.setUp(IntelliMARSiPhone.java:55)
at java.base/jdk.internal.reflect.NativeMethodAccessorImpl.invoke0(Native Method)
at java.base/jdk.internal.reflect.NativeMethodAccessorImpl.invoke(NativeMethodAccessorImpl.java:62)
at java.base/jdk.internal.reflect.DelegatingMethodAccessorImpl.invoke(DelegatingMethodAccessorImpl.java:43)
at java.base/java.lang.reflect.Method.invoke(Method.java:567)
at org.testng.internal.MethodInvocationHelper.invokeMethod(MethodInvocationHelper.java:134)
at org.testng.internal.MethodInvocationHelper.invokeMethodConsideringTimeout(MethodInvocationHelper.java:63)
at org.testng.internal.ConfigInvoker.invokeConfigurationMethod(ConfigInvoker.java:348)
at org.testng.internal.ConfigInvoker.invokeConfigurations(ConfigInvoker.java:302)
at org.testng.TestRunner.invokeTestConfigurations(TestRunner.java:619)
at org.testng.TestRunner.beforeRun(TestRunner.java:609)
at org.testng.TestRunner.run(TestRunner.java:580)
at org.testng.SuiteRunner.runTest(SuiteRunner.java:384)
at org.testng.SuiteRunner.runSequentially(SuiteRunner.java:378)
at org.testng.SuiteRunner.privateRun(SuiteRunner.java:337)
at org.testng.SuiteRunner.run(SuiteRunner.java:286)
at org.testng.SuiteRunnerWorker.runSuite(SuiteRunnerWorker.java:53)
at org.testng.SuiteRunnerWorker.run(SuiteRunnerWorker.java:96)
at org.testng.TestNG.runSuitesSequentially(TestNG.java:1187)
at org.testng.TestNG.runSuitesLocally(TestNG.java:1109)
at org.testng.TestNG.runSuites(TestNG.java:1039)
at org.testng.TestNG.run(TestNG.java:1007)
at org.testng.remote.AbstractRemoteTestNG.run(AbstractRemoteTestNG.java:115)
at org.testng.remote.RemoteTestNG.initAndRun(RemoteTestNG.java:251)
at org.testng.remote.RemoteTestNG.main(RemoteTestNG.java:77)
Caused by: java.net.ConnectException: Connection refused
at java.base/sun.nio.ch.Net.pollConnect(Native Method)
at java.base/sun.nio.ch.Net.pollConnectNow(Net.java:579)
at java.base/sun.nio.ch.NioSocketImpl.timedFinishConnect(NioSocketImpl.java:549)
at java.base/sun.nio.ch.NioSocketImpl.connect(NioSocketImpl.java:597)
at java.base/java.net.SocksSocketImpl.connect(SocksSocketImpl.java:339)
at java.base/java.net.Socket.connect(Socket.java:603)
at okhttp3.internal.platform.Platform.connectSocket(Platform.java:129)
at okhttp3.internal.connection.RealConnection.connectSocket(RealConnection.java:245)
at okhttp3.internal.connection.RealConnection.connect(RealConnection.java:165)
at okhttp3.internal.connection.StreamAllocation.findConnection(StreamAllocation.java:257)
at okhttp3.internal.connection.StreamAllocation.findHealthyConnection(StreamAllocation.java:135)
at okhttp3.internal.connection.StreamAllocation.newStream(StreamAllocation.java:114)
at okhttp3.internal.connection.ConnectInterceptor.intercept(ConnectInterceptor.java:42)
at okhttp3.internal.http.RealInterceptorChain.proceed(RealInterceptorChain.java:147)
at okhttp3.internal.http.RealInterceptorChain.proceed(RealInterceptorChain.java:121)
at okhttp3.internal.cache.CacheInterceptor.intercept(CacheInterceptor.java:93)
at okhttp3.internal.http.RealInterceptorChain.proceed(RealInterceptorChain.java:147)
at okhttp3.internal.http.RealInterceptorChain.proceed(RealInterceptorChain.java:121)
at okhttp3.internal.http.BridgeInterceptor.intercept(BridgeInterceptor.java:93)
at okhttp3.internal.http.RealInterceptorChain.proceed(RealInterceptorChain.java:147)
at okhttp3.internal.http.RetryAndFollowUpInterceptor.intercept(RetryAndFollowUpInterceptor.java:126)
at okhttp3.internal.http.RealInterceptorChain.proceed(RealInterceptorChain.java:147)
at okhttp3.internal.http.RealInterceptorChain.proceed(RealInterceptorChain.java:121)
at okhttp3.RealCall.getResponseWithInterceptorChain(RealCall.java:200)
at okhttp3.RealCall.execute(RealCall.java:77)
at org.openqa.selenium.remote.internal.OkHttpClient.execute(OkHttpClient.java:103)
at org.openqa.selenium.remote.ProtocolHandshake.createSession(ProtocolHandshake.java:105)
at java.base/jdk.internal.reflect.NativeMethodAccessorImpl.invoke0(Native Method)
at java.base/jdk.internal.reflect.NativeMethodAccessorImpl.invoke(NativeMethodAccessorImpl.java:62)
at java.base/jdk.internal.reflect.DelegatingMethodAccessorImpl.invoke(DelegatingMethodAccessorImpl.java:43)
at java.base/java.lang.reflect.Method.invoke(Method.java:567)
at io.appium.java_client.remote.AppiumCommandExecutor$1.createSession(AppiumCommandExecutor.java:186)
at io.appium.java_client.remote.AppiumCommandExecutor.createSession(AppiumCommandExecutor.java:217)
at io.appium.java_client.remote.AppiumCommandExecutor.execute(AppiumCommandExecutor.java:239)
... 36 more
]]>
    </failure>
  </testcase> <!-- @BeforeTest setUp -->
  <testcase classname="intellimars.IntelliMARSiPhone" name="@BeforeMethod waitforit" time="-1.580139578982E9">
    <skipped/>
  </testcase> <!-- @BeforeMethod waitforit -->
  <testcase classname="intellimars.IntelliMARSiPhone" name="@BeforeMethod waitforit" time="-1.580139578999E9">
    <skipped/>
  </testcase> <!-- @BeforeMethod waitforit -->
  <testcase classname="intellimars.IntelliMARSiPhone" name="@BeforeMethod waitforit" time="-1.580139579011E9">
    <skipped/>
  </testcase> <!-- @BeforeMethod waitforit -->
  <testcase classname="intellimars.IntelliMARSiPhone" name="@BeforeMethod waitforit" time="-1.580139579028E9">
    <skipped/>
  </testcase> <!-- @BeforeMethod waitforit -->
  <testcase classname="intellimars.IntelliMARSiPhone" name="@BeforeMethod waitforit" time="-1.580139579044E9">
    <skipped/>
  </testcase> <!-- @BeforeMethod waitforit -->
  <testcase classname="intellimars.IntelliMARSiPhone" name="@BeforeMethod waitforit" time="-1.580139579063E9">
    <skipped/>
  </testcase> <!-- @BeforeMethod waitforit -->
  <testcase classname="intellimars.IntelliMARSiPhone" name="@BeforeMethod waitforit" time="-1.580139579095E9">
    <skipped/>
  </testcase> <!-- @BeforeMethod waitforit -->
  <testcase classname="intellimars.IntelliMARSiPhone" name="@BeforeMethod waitforit" time="-1.580139579109E9">
    <skipped/>
  </testcase> <!-- @BeforeMethod waitforit -->
  <testcase classname="intellimars.IntelliMARSiPhone" name="@BeforeMethod waitforit" time="-1.580139579119E9">
    <skipped/>
  </testcase> <!-- @BeforeMethod waitforit -->
  <testcase classname="intellimars.IntelliMARSiPhone" name="@BeforeMethod waitforit" time="-1.580139579132E9">
    <skipped/>
  </testcase> <!-- @BeforeMethod waitforit -->
  <testcase classname="intellimars.IntelliMARSiPhone" name="@BeforeMethod waitforit" time="-1.58013957914E9">
    <skipped/>
  </testcase> <!-- @BeforeMethod waitforit -->
  <testcase classname="intellimars.IntelliMARSiPhone" name="@BeforeMethod waitforit" time="-1.580139579161E9">
    <skipped/>
  </testcase> <!-- @BeforeMethod waitforit -->
  <testcase classname="intellimars.IntelliMARSiPhone" name="@BeforeMethod waitforit" time="-1.580139579171E9">
    <skipped/>
  </testcase> <!-- @BeforeMethod waitforit -->
  <testcase classname="intellimars.IntelliMARSiPhone" name="@BeforeMethod waitforit" time="-1.58013957918E9">
    <skipped/>
  </testcase> <!-- @BeforeMethod waitforit -->
  <testcase classname="intellimars.IntelliMARSiPhone" name="dashoard" time="0.0">
    <skipped/>
  </testcase> <!-- dashoard -->
  <testcase classname="intellimars.IntelliMARSiPhone" name="dashboard2" time="0.0">
    <skipped/>
  </testcase> <!-- dashboard2 -->
  <testcase classname="intellimars.IntelliMARSiPhone" name="rep" time="0.0">
    <skipped/>
  </testcase> <!-- rep -->
  <testcase classname="intellimars.IntelliMARSiPhone" name="repsnearme" time="0.0">
    <skipped/>
  </testcase> <!-- repsnearme -->
  <testcase classname="intellimars.IntelliMARSiPhone" name="team" time="0.0">
    <skipped/>
  </testcase> <!-- team -->
  <testcase classname="intellimars.IntelliMARSiPhone" name="teamsnearme" time="0.0">
    <skipped/>
  </testcase> <!-- teamsnearme -->
  <testcase classname="intellimars.IntelliMARSiPhone" name="office" time="0.0">
    <skipped/>
  </testcase> <!-- office -->
  <testcase classname="intellimars.IntelliMARSiPhone" name="officesnearme" time="0.0">
    <skipped/>
  </testcase> <!-- officesnearme -->
  <testcase classname="intellimars.IntelliMARSiPhone" name="firm" time="0.0">
    <skipped/>
  </testcase> <!-- firm -->
  <testcase classname="intellimars.IntelliMARSiPhone" name="product" time="0.0">
    <skipped/>
  </testcase> <!-- product -->
  <testcase classname="intellimars.IntelliMARSiPhone" name="starreport" time="0.0">
    <skipped/>
  </testcase> <!-- starreport -->
  <testcase classname="intellimars.IntelliMARSiPhone" name="general" time="0.0">
    <skipped/>
  </testcase> <!-- general -->
  <testcase classname="intellimars.IntelliMARSiPhone" name="feedback" time="0.0">
    <skipped/>
  </testcase> <!-- feedback -->
  <testcase classname="intellimars.IntelliMARSiPhone" name="signout" time="0.0">
    <skipped/>
  </testcase> <!-- signout -->
</testsuite> <!-- Default test -->
